time=2026-02-18T14:22:24.355+08:00 level=INFO msg="Daemon started" interval=5s auto_commit=false auto_push=false
time=2026-02-18T14:22:24.355+08:00 level=INFO msg="using database" path=/Users/david/Projects/gainforest/hyperindex/.beads/beads.db
time=2026-02-18T14:22:24.387+08:00 level=INFO msg="database opened" path=/Users/david/Projects/gainforest/hyperindex/.beads/beads.db backend=sqlite freshness_checking=true
time=2026-02-18T14:22:24.387+08:00 level=INFO msg="upgrading .beads/.gitignore"
time=2026-02-18T14:22:24.387+08:00 level=WARN msg="failed to upgrade .gitignore" error="open .beads/.gitignore: no such file or directory"
time=2026-02-18T14:22:24.394+08:00 level=INFO msg="Repository fingerprint validated" repo_id=f8ba04d3
time=2026-02-18T14:22:24.395+08:00 level=INFO msg="starting RPC server" socket=/Users/david/Projects/gainforest/hyperindex/.beads/bd.sock
time=2026-02-18T14:22:24.395+08:00 level=INFO msg="RPC server ready (socket listening)"
time=2026-02-18T14:22:24.401+08:00 level=INFO msg="registered in global registry"
time=2026-02-18T14:22:24.401+08:00 level=WARN msg="initial import failed (continuing anyway)" error="failed to open JSONL: open /Users/david/Projects/gainforest/hyperindex/.beads/issues.jsonl: no such file or directory"
time=2026-02-18T14:22:24.401+08:00 level=INFO msg="Starting sync cycle" mode="sync cycle"
time=2026-02-18T14:22:24.402+08:00 level=INFO msg="Exported to JSONL"
time=2026-02-18T14:22:25.314+08:00 level=INFO msg="Pull failed" error="git pull failed: exit status 1\nfatal: couldn't find remote ref filter-feature\n"
time=2026-02-18T14:22:25.314+08:00 level=INFO msg="monitoring parent process" pid=0
time=2026-02-18T14:22:25.314+08:00 level=INFO msg="using event-driven mode"
time=2026-02-18T14:22:25.317+08:00 level=INFO msg="Auto-pull disabled: use 'git pull' manually to sync remote changes"
time=2026-02-18T14:22:55.633+08:00 level=INFO msg="Mutation detected" type=create issue_id=hyperindex-49s
time=2026-02-18T14:22:56.135+08:00 level=INFO msg="Export triggered by mutation events"
time=2026-02-18T14:22:56.136+08:00 level=INFO msg=Starting mode=export
time=2026-02-18T14:22:56.141+08:00 level=INFO msg="JSONL removed/renamed, re-establishing watch"
time=2026-02-18T14:22:56.141+08:00 level=INFO msg="Exported to JSONL"
time=2026-02-18T14:22:56.141+08:00 level=INFO msg="Export complete"
time=2026-02-18T14:22:56.192+08:00 level=INFO msg="Successfully re-established JSONL watch" delay=50ms
time=2026-02-18T14:22:56.192+08:00 level=INFO msg="JSONL file created" path=/Users/david/Projects/gainforest/hyperindex/.beads/issues.jsonl
time=2026-02-18T14:22:57.195+08:00 level=INFO msg="Import triggered by file change"
time=2026-02-18T14:22:57.196+08:00 level=INFO msg="Starting auto-import" mode=auto-import
time=2026-02-18T14:22:57.940+08:00 level=INFO msg="Pull failed" error="git pull failed: exit status 1\nfatal: couldn't find remote ref filter-feature\n" backoff=30s
time=2026-02-18T14:23:13.544+08:00 level=INFO msg="Mutation detected" type=create issue_id=hyperindex-49s.1
time=2026-02-18T14:23:14.045+08:00 level=INFO msg="Export triggered by mutation events"
time=2026-02-18T14:23:14.047+08:00 level=INFO msg=Starting mode=export
time=2026-02-18T14:23:14.051+08:00 level=INFO msg="JSONL removed/renamed, re-establishing watch"
time=2026-02-18T14:23:14.052+08:00 level=INFO msg="Exported to JSONL"
time=2026-02-18T14:23:14.052+08:00 level=INFO msg="Export complete"
time=2026-02-18T14:23:14.102+08:00 level=INFO msg="Successfully re-established JSONL watch" delay=50ms
time=2026-02-18T14:23:14.102+08:00 level=INFO msg="JSONL file created" path=/Users/david/Projects/gainforest/hyperindex/.beads/issues.jsonl
time=2026-02-18T14:23:15.104+08:00 level=INFO msg="Import triggered by file change"
time=2026-02-18T14:23:15.106+08:00 level=INFO msg="Skipping: in backoff period" mode=auto-import
time=2026-02-18T14:23:37.996+08:00 level=INFO msg="Mutation detected" type=create issue_id=hyperindex-49s.2
time=2026-02-18T14:23:38.498+08:00 level=INFO msg="Export triggered by mutation events"
time=2026-02-18T14:23:38.499+08:00 level=INFO msg=Starting mode=export
time=2026-02-18T14:23:38.503+08:00 level=INFO msg="JSONL removed/renamed, re-establishing watch"
time=2026-02-18T14:23:38.503+08:00 level=INFO msg="Exported to JSONL"
time=2026-02-18T14:23:38.503+08:00 level=INFO msg="Export complete"
time=2026-02-18T14:23:38.555+08:00 level=INFO msg="Successfully re-established JSONL watch" delay=50ms
time=2026-02-18T14:23:38.555+08:00 level=INFO msg="JSONL file created" path=/Users/david/Projects/gainforest/hyperindex/.beads/issues.jsonl
time=2026-02-18T14:23:39.557+08:00 level=INFO msg="Import triggered by file change"
time=2026-02-18T14:23:39.558+08:00 level=INFO msg="Starting auto-import" mode=auto-import
time=2026-02-18T14:23:40.313+08:00 level=INFO msg="Pull failed" error="git pull failed: exit status 1\nfatal: couldn't find remote ref filter-feature\n" backoff=1m0s
time=2026-02-18T14:23:57.320+08:00 level=INFO msg="Mutation detected" type=create issue_id=hyperindex-49s.3
time=2026-02-18T14:23:57.822+08:00 level=INFO msg="Export triggered by mutation events"
time=2026-02-18T14:23:57.822+08:00 level=INFO msg=Starting mode=export
time=2026-02-18T14:23:57.826+08:00 level=INFO msg="JSONL removed/renamed, re-establishing watch"
time=2026-02-18T14:23:57.826+08:00 level=INFO msg="Exported to JSONL"
time=2026-02-18T14:23:57.826+08:00 level=INFO msg="Export complete"
time=2026-02-18T14:23:57.877+08:00 level=INFO msg="Successfully re-established JSONL watch" delay=50ms
time=2026-02-18T14:23:57.877+08:00 level=INFO msg="JSONL file created" path=/Users/david/Projects/gainforest/hyperindex/.beads/issues.jsonl
time=2026-02-18T14:23:58.880+08:00 level=INFO msg="Import triggered by file change"
time=2026-02-18T14:23:58.882+08:00 level=INFO msg="Skipping: in backoff period" mode=auto-import
time=2026-02-18T14:24:19.060+08:00 level=INFO msg="Mutation detected" type=create issue_id=hyperindex-49s.4
time=2026-02-18T14:24:19.561+08:00 level=INFO msg="Export triggered by mutation events"
time=2026-02-18T14:24:19.561+08:00 level=INFO msg=Starting mode=export
time=2026-02-18T14:24:19.566+08:00 level=INFO msg="JSONL removed/renamed, re-establishing watch"
time=2026-02-18T14:24:19.566+08:00 level=INFO msg="Exported to JSONL"
time=2026-02-18T14:24:19.566+08:00 level=INFO msg="Export complete"
time=2026-02-18T14:24:19.616+08:00 level=INFO msg="Successfully re-established JSONL watch" delay=50ms
time=2026-02-18T14:24:19.616+08:00 level=INFO msg="JSONL file created" path=/Users/david/Projects/gainforest/hyperindex/.beads/issues.jsonl
time=2026-02-18T14:24:20.618+08:00 level=INFO msg="Import triggered by file change"
time=2026-02-18T14:24:20.620+08:00 level=INFO msg="Skipping: in backoff period" mode=auto-import
time=2026-02-18T14:24:33.142+08:00 level=INFO msg="Mutation detected" type=create issue_id=hyperindex-49s.5
time=2026-02-18T14:24:33.643+08:00 level=INFO msg="Export triggered by mutation events"
time=2026-02-18T14:24:33.644+08:00 level=INFO msg=Starting mode=export
time=2026-02-18T14:24:33.648+08:00 level=INFO msg="JSONL removed/renamed, re-establishing watch"
time=2026-02-18T14:24:33.649+08:00 level=INFO msg="Exported to JSONL"
time=2026-02-18T14:24:33.649+08:00 level=INFO msg="Export complete"
time=2026-02-18T14:24:33.700+08:00 level=INFO msg="Successfully re-established JSONL watch" delay=50ms
time=2026-02-18T14:24:33.700+08:00 level=INFO msg="JSONL file created" path=/Users/david/Projects/gainforest/hyperindex/.beads/issues.jsonl
time=2026-02-18T14:24:34.702+08:00 level=INFO msg="Import triggered by file change"
time=2026-02-18T14:24:34.704+08:00 level=INFO msg="Skipping: in backoff period" mode=auto-import
time=2026-02-18T14:24:45.873+08:00 level=INFO msg="Mutation detected" type=create issue_id=hyperindex-49s.6
time=2026-02-18T14:24:46.374+08:00 level=INFO msg="Export triggered by mutation events"
time=2026-02-18T14:24:46.375+08:00 level=INFO msg=Starting mode=export
time=2026-02-18T14:24:46.379+08:00 level=INFO msg="JSONL removed/renamed, re-establishing watch"
time=2026-02-18T14:24:46.380+08:00 level=INFO msg="Exported to JSONL"
time=2026-02-18T14:24:46.380+08:00 level=INFO msg="Export complete"
time=2026-02-18T14:24:46.430+08:00 level=INFO msg="Successfully re-established JSONL watch" delay=50ms
time=2026-02-18T14:24:46.430+08:00 level=INFO msg="JSONL file created" path=/Users/david/Projects/gainforest/hyperindex/.beads/issues.jsonl
time=2026-02-18T14:24:47.432+08:00 level=INFO msg="Import triggered by file change"
time=2026-02-18T14:24:47.434+08:00 level=INFO msg="Starting auto-import" mode=auto-import
time=2026-02-18T14:24:48.214+08:00 level=INFO msg="Pull failed" error="git pull failed: exit status 1\nfatal: couldn't find remote ref filter-feature\n" backoff=2m0s
time=2026-02-18T14:24:58.878+08:00 level=INFO msg="Mutation detected" type=create issue_id=hyperindex-49s.7
time=2026-02-18T14:24:59.379+08:00 level=INFO msg="Export triggered by mutation events"
time=2026-02-18T14:24:59.379+08:00 level=INFO msg=Starting mode=export
time=2026-02-18T14:24:59.384+08:00 level=INFO msg="JSONL removed/renamed, re-establishing watch"
time=2026-02-18T14:24:59.385+08:00 level=INFO msg="Exported to JSONL"
time=2026-02-18T14:24:59.385+08:00 level=INFO msg="Export complete"
time=2026-02-18T14:24:59.435+08:00 level=INFO msg="Successfully re-established JSONL watch" delay=50ms
time=2026-02-18T14:24:59.435+08:00 level=INFO msg="JSONL file created" path=/Users/david/Projects/gainforest/hyperindex/.beads/issues.jsonl
time=2026-02-18T14:25:00.437+08:00 level=INFO msg="Import triggered by file change"
time=2026-02-18T14:25:00.440+08:00 level=INFO msg="Skipping: in backoff period" mode=auto-import
time=2026-02-18T14:25:17.756+08:00 level=INFO msg="Mutation detected" type=create issue_id=hyperindex-49s.8
time=2026-02-18T14:25:18.257+08:00 level=INFO msg="Export triggered by mutation events"
time=2026-02-18T14:25:18.258+08:00 level=INFO msg=Starting mode=export
time=2026-02-18T14:25:18.264+08:00 level=INFO msg="JSONL removed/renamed, re-establishing watch"
time=2026-02-18T14:25:18.265+08:00 level=INFO msg="Exported to JSONL"
time=2026-02-18T14:25:18.266+08:00 level=INFO msg="Export complete"
time=2026-02-18T14:25:18.316+08:00 level=INFO msg="Successfully re-established JSONL watch" delay=50ms
time=2026-02-18T14:25:18.316+08:00 level=INFO msg="JSONL file created" path=/Users/david/Projects/gainforest/hyperindex/.beads/issues.jsonl
time=2026-02-18T14:25:19.318+08:00 level=INFO msg="Import triggered by file change"
time=2026-02-18T14:25:19.319+08:00 level=INFO msg="Skipping: in backoff period" mode=auto-import
time=2026-02-18T14:25:38.209+08:00 level=INFO msg="Mutation detected" type=create issue_id=hyperindex-49s.9
time=2026-02-18T14:25:38.710+08:00 level=INFO msg="Export triggered by mutation events"
time=2026-02-18T14:25:38.711+08:00 level=INFO msg=Starting mode=export
time=2026-02-18T14:25:38.720+08:00 level=INFO msg="JSONL removed/renamed, re-establishing watch"
time=2026-02-18T14:25:38.721+08:00 level=INFO msg="Exported to JSONL"
time=2026-02-18T14:25:38.721+08:00 level=INFO msg="Export complete"
time=2026-02-18T14:25:38.772+08:00 level=INFO msg="Successfully re-established JSONL watch" delay=50ms
time=2026-02-18T14:25:38.772+08:00 level=INFO msg="JSONL file created" path=/Users/david/Projects/gainforest/hyperindex/.beads/issues.jsonl
time=2026-02-18T14:25:39.772+08:00 level=INFO msg="Import triggered by file change"
time=2026-02-18T14:25:39.775+08:00 level=INFO msg="Skipping: in backoff period" mode=auto-import
time=2026-02-18T14:25:58.393+08:00 level=INFO msg="Mutation detected" type=create issue_id=hyperindex-49s.10
time=2026-02-18T14:25:58.895+08:00 level=INFO msg="Export triggered by mutation events"
time=2026-02-18T14:25:58.895+08:00 level=INFO msg=Starting mode=export
time=2026-02-18T14:25:58.898+08:00 level=INFO msg="JSONL removed/renamed, re-establishing watch"
time=2026-02-18T14:25:58.899+08:00 level=INFO msg="Exported to JSONL"
time=2026-02-18T14:25:58.899+08:00 level=INFO msg="Export complete"
time=2026-02-18T14:25:58.949+08:00 level=INFO msg="Successfully re-established JSONL watch" delay=50ms
time=2026-02-18T14:25:58.949+08:00 level=INFO msg="JSONL file created" path=/Users/david/Projects/gainforest/hyperindex/.beads/issues.jsonl
time=2026-02-18T14:25:59.950+08:00 level=INFO msg="Import triggered by file change"
time=2026-02-18T14:25:59.951+08:00 level=INFO msg="Skipping: in backoff period" mode=auto-import
time=2026-02-18T14:26:16.304+08:00 level=INFO msg="Mutation detected" type=create issue_id=hyperindex-49s.11
time=2026-02-18T14:26:16.805+08:00 level=INFO msg="Export triggered by mutation events"
time=2026-02-18T14:26:16.805+08:00 level=INFO msg=Starting mode=export
time=2026-02-18T14:26:16.808+08:00 level=INFO msg="JSONL removed/renamed, re-establishing watch"
time=2026-02-18T14:26:16.815+08:00 level=INFO msg="Exported to JSONL"
time=2026-02-18T14:26:16.815+08:00 level=INFO msg="Export complete"
time=2026-02-18T14:26:16.859+08:00 level=INFO msg="Successfully re-established JSONL watch" delay=50ms
time=2026-02-18T14:26:16.859+08:00 level=INFO msg="JSONL file created" path=/Users/david/Projects/gainforest/hyperindex/.beads/issues.jsonl
time=2026-02-18T14:26:17.860+08:00 level=INFO msg="Import triggered by file change"
time=2026-02-18T14:26:17.864+08:00 level=INFO msg="Skipping: in backoff period" mode=auto-import
time=2026-02-18T14:26:34.966+08:00 level=INFO msg="Mutation detected" type=create issue_id=hyperindex-49s.12
time=2026-02-18T14:26:35.468+08:00 level=INFO msg="Export triggered by mutation events"
time=2026-02-18T14:26:35.468+08:00 level=INFO msg=Starting mode=export
time=2026-02-18T14:26:35.471+08:00 level=INFO msg="JSONL removed/renamed, re-establishing watch"
time=2026-02-18T14:26:35.471+08:00 level=INFO msg="Exported to JSONL"
time=2026-02-18T14:26:35.471+08:00 level=INFO msg="Export complete"
time=2026-02-18T14:26:35.522+08:00 level=INFO msg="Successfully re-established JSONL watch" delay=50ms
time=2026-02-18T14:26:35.522+08:00 level=INFO msg="JSONL file created" path=/Users/david/Projects/gainforest/hyperindex/.beads/issues.jsonl
time=2026-02-18T14:26:36.524+08:00 level=INFO msg="Import triggered by file change"
time=2026-02-18T14:26:36.524+08:00 level=INFO msg="Skipping: in backoff period" mode=auto-import
time=2026-02-18T14:26:57.902+08:00 level=INFO msg="Mutation detected" type=create issue_id=hyperindex-49s.13
time=2026-02-18T14:26:58.403+08:00 level=INFO msg="Export triggered by mutation events"
time=2026-02-18T14:26:58.404+08:00 level=INFO msg=Starting mode=export
time=2026-02-18T14:26:58.407+08:00 level=INFO msg="JSONL removed/renamed, re-establishing watch"
time=2026-02-18T14:26:58.407+08:00 level=INFO msg="Exported to JSONL"
time=2026-02-18T14:26:58.407+08:00 level=INFO msg="Export complete"
time=2026-02-18T14:26:58.458+08:00 level=INFO msg="Successfully re-established JSONL watch" delay=50ms
time=2026-02-18T14:26:58.458+08:00 level=INFO msg="JSONL file created" path=/Users/david/Projects/gainforest/hyperindex/.beads/issues.jsonl
time=2026-02-18T14:26:59.459+08:00 level=INFO msg="Import triggered by file change"
time=2026-02-18T14:26:59.459+08:00 level=INFO msg="Starting auto-import" mode=auto-import
time=2026-02-18T14:27:00.215+08:00 level=INFO msg="Pull failed" error="git pull failed: exit status 1\nfatal: couldn't find remote ref filter-feature\n" backoff=5m0s
time=2026-02-18T14:27:17.265+08:00 level=INFO msg="Mutation detected" type=create issue_id=hyperindex-49s.14
time=2026-02-18T14:27:17.766+08:00 level=INFO msg="Export triggered by mutation events"
time=2026-02-18T14:27:17.766+08:00 level=INFO msg=Starting mode=export
time=2026-02-18T14:27:17.776+08:00 level=INFO msg="JSONL removed/renamed, re-establishing watch"
time=2026-02-18T14:27:17.777+08:00 level=INFO msg="Exported to JSONL"
time=2026-02-18T14:27:17.777+08:00 level=INFO msg="Export complete"
time=2026-02-18T14:27:17.827+08:00 level=INFO msg="Successfully re-established JSONL watch" delay=50ms
time=2026-02-18T14:27:17.827+08:00 level=INFO msg="JSONL file created" path=/Users/david/Projects/gainforest/hyperindex/.beads/issues.jsonl
time=2026-02-18T14:27:18.828+08:00 level=INFO msg="Import triggered by file change"
time=2026-02-18T14:27:18.829+08:00 level=INFO msg="Skipping: in backoff period" mode=auto-import
time=2026-02-18T14:27:20.804+08:00 level=INFO msg="JSONL removed/renamed, re-establishing watch"
time=2026-02-18T14:27:20.855+08:00 level=INFO msg="Successfully re-established JSONL watch" delay=50ms
time=2026-02-18T14:27:20.855+08:00 level=INFO msg="JSONL file created" path=/Users/david/Projects/gainforest/hyperindex/.beads/issues.jsonl
time=2026-02-18T14:27:21.857+08:00 level=INFO msg="Import triggered by file change"
time=2026-02-18T14:27:21.858+08:00 level=INFO msg="Skipping: in backoff period" mode=auto-import
time=2026-02-18T14:27:30.392+08:00 level=INFO msg="File change detected" path=/Users/david/Projects/gainforest/hyperindex/.beads/issues.jsonl
time=2026-02-18T14:27:31.329+08:00 level=INFO msg="JSONL removed/renamed, re-establishing watch"
time=2026-02-18T14:27:31.379+08:00 level=INFO msg="Successfully re-established JSONL watch" delay=50ms
time=2026-02-18T14:27:31.379+08:00 level=INFO msg="JSONL file created" path=/Users/david/Projects/gainforest/hyperindex/.beads/issues.jsonl
time=2026-02-18T14:27:31.394+08:00 level=INFO msg="Import triggered by file change"
time=2026-02-18T14:27:31.394+08:00 level=INFO msg="Skipping: in backoff period" mode=auto-import
time=2026-02-18T14:27:32.380+08:00 level=INFO msg="Import triggered by file change"
time=2026-02-18T14:27:32.381+08:00 level=INFO msg="Skipping: in backoff period" mode=auto-import
time=2026-02-18T14:53:21.122+08:00 level=INFO msg="File change detected" path=/Users/david/Projects/gainforest/hyperindex/.beads/issues.jsonl
time=2026-02-18T14:53:22.124+08:00 level=INFO msg="Import triggered by file change"
time=2026-02-18T14:53:22.125+08:00 level=INFO msg="Starting auto-import" mode=auto-import
time=2026-02-18T14:53:22.917+08:00 level=INFO msg="Pulled from remote"
time=2026-02-18T14:53:22.917+08:00 level=INFO msg="🔍 Checking JSONL content hash AFTER pull (fix: auto-pull-not-pulling)"
time=2026-02-18T14:53:22.917+08:00 level=INFO msg="Skipping: JSONL content unchanged" mode=auto-import
time=2026-02-18T14:53:23.723+08:00 level=INFO msg="Mutation detected" type=update issue_id=hyperindex-49s.5
time=2026-02-18T14:53:24.223+08:00 level=INFO msg="Export triggered by mutation events"
time=2026-02-18T14:53:24.223+08:00 level=INFO msg=Starting mode=export
time=2026-02-18T14:53:24.228+08:00 level=INFO msg="JSONL removed/renamed, re-establishing watch"
time=2026-02-18T14:53:24.229+08:00 level=INFO msg="Exported to JSONL"
time=2026-02-18T14:53:24.229+08:00 level=INFO msg="Export complete"
time=2026-02-18T14:53:24.280+08:00 level=INFO msg="Successfully re-established JSONL watch" delay=50ms
time=2026-02-18T14:53:24.280+08:00 level=INFO msg="JSONL file created" path=/Users/david/Projects/gainforest/hyperindex/.beads/issues.jsonl
time=2026-02-18T14:53:25.281+08:00 level=INFO msg="Import triggered by file change"
time=2026-02-18T14:53:25.282+08:00 level=INFO msg="Starting auto-import" mode=auto-import
time=2026-02-18T14:53:25.290+08:00 level=INFO msg="WARNING: Uncommitted local changes detected" path=/Users/david/Projects/gainforest/hyperindex/.beads/issues.jsonl
time=2026-02-18T14:53:25.290+08:00 level=INFO msg="   Pulling from remote may overwrite local unpushed changes."
time=2026-02-18T14:53:25.290+08:00 level=INFO msg="   Consider running 'bd sync' to commit and push your changes first."
time=2026-02-18T14:53:25.467+08:00 level=INFO msg="Mutation detected" type=update issue_id=hyperindex-49s.1
time=2026-02-18T14:53:25.967+08:00 level=INFO msg="Export triggered by mutation events"
time=2026-02-18T14:53:25.968+08:00 level=INFO msg=Starting mode=export
time=2026-02-18T14:53:25.968+08:00 level=INFO msg="JSONL changed externally, importing before export"
time=2026-02-18T14:53:25.972+08:00 level=INFO msg="Auto-import complete, proceeding with export"
time=2026-02-18T14:53:25.976+08:00 level=INFO msg="JSONL removed/renamed, re-establishing watch"
time=2026-02-18T14:53:25.976+08:00 level=INFO msg="Exported to JSONL"
time=2026-02-18T14:53:25.977+08:00 level=INFO msg="Export complete"
time=2026-02-18T14:53:25.979+08:00 level=INFO msg="Pulled from remote"
time=2026-02-18T14:53:25.979+08:00 level=INFO msg="🔍 Checking JSONL content hash AFTER pull (fix: auto-pull-not-pulling)"
time=2026-02-18T14:53:25.979+08:00 level=INFO msg="JSONL content changed, proceeding with operation..." mode=auto-import
time=2026-02-18T14:53:25.982+08:00 level=INFO msg="Imported from JSONL"
time=2026-02-18T14:53:25.982+08:00 level=INFO msg="Auto-import complete"
time=2026-02-18T14:53:26.027+08:00 level=INFO msg="Successfully re-established JSONL watch" delay=50ms
time=2026-02-18T14:53:26.027+08:00 level=INFO msg="JSONL file created" path=/Users/david/Projects/gainforest/hyperindex/.beads/issues.jsonl
time=2026-02-18T14:53:27.028+08:00 level=INFO msg="Import triggered by file change"
time=2026-02-18T14:53:27.029+08:00 level=INFO msg="Starting auto-import" mode=auto-import
time=2026-02-18T14:53:27.040+08:00 level=INFO msg="WARNING: Uncommitted local changes detected" path=/Users/david/Projects/gainforest/hyperindex/.beads/issues.jsonl
time=2026-02-18T14:53:27.040+08:00 level=INFO msg="   Pulling from remote may overwrite local unpushed changes."
time=2026-02-18T14:53:27.040+08:00 level=INFO msg="   Consider running 'bd sync' to commit and push your changes first."
time=2026-02-18T14:53:27.814+08:00 level=INFO msg="Pulled from remote"
time=2026-02-18T14:53:27.814+08:00 level=INFO msg="🔍 Checking JSONL content hash AFTER pull (fix: auto-pull-not-pulling)"
time=2026-02-18T14:53:27.815+08:00 level=INFO msg="JSONL content changed, proceeding with operation..." mode=auto-import
time=2026-02-18T14:53:27.818+08:00 level=INFO msg="Imported from JSONL"
time=2026-02-18T14:53:27.818+08:00 level=INFO msg="Auto-import complete"
time=2026-02-18T14:53:28.948+08:00 level=INFO msg="JSONL removed/renamed, re-establishing watch"
time=2026-02-18T14:53:28.999+08:00 level=INFO msg="Successfully re-established JSONL watch" delay=50ms
time=2026-02-18T14:53:28.999+08:00 level=INFO msg="JSONL file created" path=/Users/david/Projects/gainforest/hyperindex/.beads/issues.jsonl
time=2026-02-18T14:53:29.644+08:00 level=INFO msg="File change detected" path=/Users/david/Projects/gainforest/hyperindex/.beads/issues.jsonl
time=2026-02-18T14:53:29.664+08:00 level=INFO msg="Mutation detected" type=update issue_id=hyperindex-49s.7
time=2026-02-18T14:53:30.000+08:00 level=INFO msg="Import triggered by file change"
time=2026-02-18T14:53:30.001+08:00 level=INFO msg="Starting auto-import" mode=auto-import
time=2026-02-18T14:53:30.009+08:00 level=INFO msg="WARNING: Uncommitted local changes detected" path=/Users/david/Projects/gainforest/hyperindex/.beads/issues.jsonl
time=2026-02-18T14:53:30.009+08:00 level=INFO msg="   Pulling from remote may overwrite local unpushed changes."
time=2026-02-18T14:53:30.009+08:00 level=INFO msg="   Consider running 'bd sync' to commit and push your changes first."
time=2026-02-18T14:53:30.166+08:00 level=INFO msg="Export triggered by mutation events"
time=2026-02-18T14:53:30.166+08:00 level=INFO msg=Starting mode=export
time=2026-02-18T14:53:30.170+08:00 level=INFO msg="JSONL removed/renamed, re-establishing watch"
time=2026-02-18T14:53:30.170+08:00 level=INFO msg="Exported to JSONL"
time=2026-02-18T14:53:30.170+08:00 level=INFO msg="Export complete"
time=2026-02-18T14:53:30.221+08:00 level=INFO msg="Successfully re-established JSONL watch" delay=50ms
time=2026-02-18T14:53:30.221+08:00 level=INFO msg="JSONL file created" path=/Users/david/Projects/gainforest/hyperindex/.beads/issues.jsonl
time=2026-02-18T14:53:30.645+08:00 level=INFO msg="Import triggered by file change"
time=2026-02-18T14:53:30.646+08:00 level=INFO msg="Starting auto-import" mode=auto-import
time=2026-02-18T14:53:30.653+08:00 level=INFO msg="WARNING: Uncommitted local changes detected" path=/Users/david/Projects/gainforest/hyperindex/.beads/issues.jsonl
time=2026-02-18T14:53:30.654+08:00 level=INFO msg="   Pulling from remote may overwrite local unpushed changes."
time=2026-02-18T14:53:30.654+08:00 level=INFO msg="   Consider running 'bd sync' to commit and push your changes first."
time=2026-02-18T14:53:30.760+08:00 level=INFO msg="Pulled from remote"
time=2026-02-18T14:53:30.760+08:00 level=INFO msg="🔍 Checking JSONL content hash AFTER pull (fix: auto-pull-not-pulling)"
time=2026-02-18T14:53:30.760+08:00 level=INFO msg="JSONL content changed, proceeding with operation..." mode=auto-import
time=2026-02-18T14:53:30.764+08:00 level=INFO msg="Imported from JSONL"
time=2026-02-18T14:53:30.764+08:00 level=INFO msg="Auto-import complete"
time=2026-02-18T14:53:31.223+08:00 level=INFO msg="Import triggered by file change"
time=2026-02-18T14:53:31.223+08:00 level=INFO msg="Starting auto-import" mode=auto-import
time=2026-02-18T14:53:31.231+08:00 level=INFO msg="WARNING: Uncommitted local changes detected" path=/Users/david/Projects/gainforest/hyperindex/.beads/issues.jsonl
time=2026-02-18T14:53:31.231+08:00 level=INFO msg="   Pulling from remote may overwrite local unpushed changes."
time=2026-02-18T14:53:31.231+08:00 level=INFO msg="   Consider running 'bd sync' to commit and push your changes first."
time=2026-02-18T14:53:31.353+08:00 level=INFO msg="Pulled from remote"
time=2026-02-18T14:53:31.353+08:00 level=INFO msg="🔍 Checking JSONL content hash AFTER pull (fix: auto-pull-not-pulling)"
time=2026-02-18T14:53:31.354+08:00 level=INFO msg="JSONL content changed, proceeding with operation..." mode=auto-import
time=2026-02-18T14:53:31.357+08:00 level=INFO msg="Imported from JSONL"
time=2026-02-18T14:53:31.357+08:00 level=INFO msg="Auto-import complete"
time=2026-02-18T14:53:31.975+08:00 level=INFO msg="Pulled from remote"
time=2026-02-18T14:53:31.975+08:00 level=INFO msg="🔍 Checking JSONL content hash AFTER pull (fix: auto-pull-not-pulling)"
time=2026-02-18T14:53:31.975+08:00 level=INFO msg="JSONL content changed, proceeding with operation..." mode=auto-import
time=2026-02-18T14:53:31.978+08:00 level=INFO msg="Imported from JSONL"
time=2026-02-18T14:53:31.978+08:00 level=INFO msg="Auto-import complete"
time=2026-02-18T14:54:07.034+08:00 level=INFO msg="Mutation detected" type=update issue_id=hyperindex-49s.8
time=2026-02-18T14:54:07.535+08:00 level=INFO msg="Export triggered by mutation events"
time=2026-02-18T14:54:07.535+08:00 level=INFO msg=Starting mode=export
time=2026-02-18T14:54:07.535+08:00 level=INFO msg="JSONL changed externally, importing before export"
time=2026-02-18T14:54:07.539+08:00 level=INFO msg="Auto-import complete, proceeding with export"
time=2026-02-18T14:54:07.542+08:00 level=INFO msg="JSONL removed/renamed, re-establishing watch"
time=2026-02-18T14:54:07.543+08:00 level=INFO msg="Exported to JSONL"
time=2026-02-18T14:54:07.543+08:00 level=INFO msg="Export complete"
time=2026-02-18T14:54:07.593+08:00 level=INFO msg="Successfully re-established JSONL watch" delay=50ms
time=2026-02-18T14:54:07.593+08:00 level=INFO msg="JSONL file created" path=/Users/david/Projects/gainforest/hyperindex/.beads/issues.jsonl
time=2026-02-18T14:54:08.595+08:00 level=INFO msg="Import triggered by file change"
time=2026-02-18T14:54:08.595+08:00 level=INFO msg="Starting auto-import" mode=auto-import
time=2026-02-18T14:54:08.604+08:00 level=INFO msg="WARNING: Uncommitted local changes detected" path=/Users/david/Projects/gainforest/hyperindex/.beads/issues.jsonl
time=2026-02-18T14:54:08.604+08:00 level=INFO msg="   Pulling from remote may overwrite local unpushed changes."
time=2026-02-18T14:54:08.604+08:00 level=INFO msg="   Consider running 'bd sync' to commit and push your changes first."
time=2026-02-18T14:54:09.056+08:00 level=INFO msg="Mutation detected" type=update issue_id=hyperindex-49s.6
time=2026-02-18T14:54:09.356+08:00 level=INFO msg="Pulled from remote"
time=2026-02-18T14:54:09.356+08:00 level=INFO msg="🔍 Checking JSONL content hash AFTER pull (fix: auto-pull-not-pulling)"
time=2026-02-18T14:54:09.356+08:00 level=INFO msg="JSONL content changed, proceeding with operation..." mode=auto-import
time=2026-02-18T14:54:09.360+08:00 level=INFO msg="Imported from JSONL"
time=2026-02-18T14:54:09.360+08:00 level=INFO msg="Auto-import complete"
time=2026-02-18T14:54:09.557+08:00 level=INFO msg="Export triggered by mutation events"
time=2026-02-18T14:54:09.557+08:00 level=INFO msg=Starting mode=export
time=2026-02-18T14:54:09.558+08:00 level=INFO msg="JSONL changed externally, importing before export"
time=2026-02-18T14:54:09.561+08:00 level=INFO msg="Auto-import complete, proceeding with export"
time=2026-02-18T14:54:09.564+08:00 level=INFO msg="JSONL removed/renamed, re-establishing watch"
time=2026-02-18T14:54:09.564+08:00 level=INFO msg="Exported to JSONL"
time=2026-02-18T14:54:09.564+08:00 level=INFO msg="Export complete"
time=2026-02-18T14:54:09.615+08:00 level=INFO msg="Successfully re-established JSONL watch" delay=50ms
time=2026-02-18T14:54:09.615+08:00 level=INFO msg="JSONL file created" path=/Users/david/Projects/gainforest/hyperindex/.beads/issues.jsonl
time=2026-02-18T14:54:10.616+08:00 level=INFO msg="Import triggered by file change"
time=2026-02-18T14:54:10.617+08:00 level=INFO msg="Starting auto-import" mode=auto-import
time=2026-02-18T14:54:10.626+08:00 level=INFO msg="WARNING: Uncommitted local changes detected" path=/Users/david/Projects/gainforest/hyperindex/.beads/issues.jsonl
time=2026-02-18T14:54:10.626+08:00 level=INFO msg="   Pulling from remote may overwrite local unpushed changes."
time=2026-02-18T14:54:10.626+08:00 level=INFO msg="   Consider running 'bd sync' to commit and push your changes first."
time=2026-02-18T14:54:11.340+08:00 level=INFO msg="Pulled from remote"
time=2026-02-18T14:54:11.340+08:00 level=INFO msg="🔍 Checking JSONL content hash AFTER pull (fix: auto-pull-not-pulling)"
time=2026-02-18T14:54:11.340+08:00 level=INFO msg="JSONL content changed, proceeding with operation..." mode=auto-import
time=2026-02-18T14:54:11.345+08:00 level=INFO msg="Imported from JSONL"
time=2026-02-18T14:54:11.345+08:00 level=INFO msg="Auto-import complete"
time=2026-02-18T14:54:12.529+08:00 level=INFO msg="JSONL removed/renamed, re-establishing watch"
time=2026-02-18T14:54:12.580+08:00 level=INFO msg="Successfully re-established JSONL watch" delay=50ms
time=2026-02-18T14:54:12.580+08:00 level=INFO msg="JSONL file created" path=/Users/david/Projects/gainforest/hyperindex/.beads/issues.jsonl
time=2026-02-18T14:54:13.582+08:00 level=INFO msg="Import triggered by file change"
time=2026-02-18T14:54:13.583+08:00 level=INFO msg="Starting auto-import" mode=auto-import
time=2026-02-18T14:54:13.591+08:00 level=INFO msg="File change detected" path=/Users/david/Projects/gainforest/hyperindex/.beads/issues.jsonl
time=2026-02-18T14:54:13.603+08:00 level=INFO msg="WARNING: Uncommitted local changes detected" path=/Users/david/Projects/gainforest/hyperindex/.beads/issues.jsonl
time=2026-02-18T14:54:13.603+08:00 level=INFO msg="   Pulling from remote may overwrite local unpushed changes."
time=2026-02-18T14:54:13.603+08:00 level=INFO msg="   Consider running 'bd sync' to commit and push your changes first."
time=2026-02-18T14:54:14.374+08:00 level=INFO msg="Pulled from remote"
time=2026-02-18T14:54:14.374+08:00 level=INFO msg="🔍 Checking JSONL content hash AFTER pull (fix: auto-pull-not-pulling)"
time=2026-02-18T14:54:14.375+08:00 level=INFO msg="Skipping: JSONL content unchanged" mode=auto-import
time=2026-02-18T14:54:14.596+08:00 level=INFO msg="Import triggered by file change"
time=2026-02-18T14:54:14.596+08:00 level=INFO msg="Starting auto-import" mode=auto-import
time=2026-02-18T14:54:14.613+08:00 level=INFO msg="WARNING: Uncommitted local changes detected" path=/Users/david/Projects/gainforest/hyperindex/.beads/issues.jsonl
time=2026-02-18T14:54:14.613+08:00 level=INFO msg="   Pulling from remote may overwrite local unpushed changes."
time=2026-02-18T14:54:14.613+08:00 level=INFO msg="   Consider running 'bd sync' to commit and push your changes first."
time=2026-02-18T14:54:15.454+08:00 level=INFO msg="Pulled from remote"
time=2026-02-18T14:54:15.454+08:00 level=INFO msg="🔍 Checking JSONL content hash AFTER pull (fix: auto-pull-not-pulling)"
time=2026-02-18T14:54:15.457+08:00 level=INFO msg="Skipping: JSONL content unchanged" mode=auto-import
time=2026-02-18T14:54:36.678+08:00 level=INFO msg="JSONL removed/renamed, re-establishing watch"
time=2026-02-18T14:54:36.730+08:00 level=INFO msg="Successfully re-established JSONL watch" delay=50ms
time=2026-02-18T14:54:36.730+08:00 level=INFO msg="JSONL file created" path=/Users/david/Projects/gainforest/hyperindex/.beads/issues.jsonl
time=2026-02-18T14:54:37.731+08:00 level=INFO msg="Import triggered by file change"
time=2026-02-18T14:54:37.732+08:00 level=INFO msg="Starting auto-import" mode=auto-import
time=2026-02-18T14:54:37.739+08:00 level=INFO msg="File change detected" path=/Users/david/Projects/gainforest/hyperindex/.beads/issues.jsonl
time=2026-02-18T14:54:38.472+08:00 level=INFO msg="Pulled from remote"
time=2026-02-18T14:54:38.472+08:00 level=INFO msg="🔍 Checking JSONL content hash AFTER pull (fix: auto-pull-not-pulling)"
time=2026-02-18T14:54:38.473+08:00 level=INFO msg="Skipping: JSONL content unchanged" mode=auto-import
time=2026-02-18T14:54:38.741+08:00 level=INFO msg="Import triggered by file change"
time=2026-02-18T14:54:38.742+08:00 level=INFO msg="Starting auto-import" mode=auto-import
time=2026-02-18T14:54:39.495+08:00 level=INFO msg="Pulled from remote"
time=2026-02-18T14:54:39.495+08:00 level=INFO msg="🔍 Checking JSONL content hash AFTER pull (fix: auto-pull-not-pulling)"
time=2026-02-18T14:54:39.496+08:00 level=INFO msg="Skipping: JSONL content unchanged" mode=auto-import
time=2026-02-18T14:54:39.729+08:00 level=INFO msg="Mutation detected" type=status issue_id=hyperindex-49s.7
time=2026-02-18T14:54:40.230+08:00 level=INFO msg="Export triggered by mutation events"
time=2026-02-18T14:54:40.230+08:00 level=INFO msg=Starting mode=export
time=2026-02-18T14:54:40.234+08:00 level=INFO msg="JSONL removed/renamed, re-establishing watch"
time=2026-02-18T14:54:40.234+08:00 level=INFO msg="Exported to JSONL"
time=2026-02-18T14:54:40.234+08:00 level=INFO msg="Export complete"
time=2026-02-18T14:54:40.285+08:00 level=INFO msg="Successfully re-established JSONL watch" delay=50ms
time=2026-02-18T14:54:40.285+08:00 level=INFO msg="JSONL file created" path=/Users/david/Projects/gainforest/hyperindex/.beads/issues.jsonl
time=2026-02-18T14:54:41.287+08:00 level=INFO msg="Import triggered by file change"
time=2026-02-18T14:54:41.287+08:00 level=INFO msg="Starting auto-import" mode=auto-import
time=2026-02-18T14:54:41.298+08:00 level=INFO msg="WARNING: Uncommitted local changes detected" path=/Users/david/Projects/gainforest/hyperindex/.beads/issues.jsonl
time=2026-02-18T14:54:41.298+08:00 level=INFO msg="   Pulling from remote may overwrite local unpushed changes."
time=2026-02-18T14:54:41.298+08:00 level=INFO msg="   Consider running 'bd sync' to commit and push your changes first."
time=2026-02-18T14:54:42.028+08:00 level=INFO msg="JSONL removed/renamed, re-establishing watch"
time=2026-02-18T14:54:42.046+08:00 level=INFO msg="Pulled from remote"
time=2026-02-18T14:54:42.046+08:00 level=INFO msg="🔍 Checking JSONL content hash AFTER pull (fix: auto-pull-not-pulling)"
time=2026-02-18T14:54:42.046+08:00 level=INFO msg="Skipping: JSONL content unchanged" mode=auto-import
time=2026-02-18T14:54:42.079+08:00 level=INFO msg="Successfully re-established JSONL watch" delay=50ms
time=2026-02-18T14:54:42.079+08:00 level=INFO msg="JSONL file created" path=/Users/david/Projects/gainforest/hyperindex/.beads/issues.jsonl
time=2026-02-18T14:54:42.095+08:00 level=INFO msg="File change detected" path=/Users/david/Projects/gainforest/hyperindex/.beads/issues.jsonl
time=2026-02-18T14:54:42.682+08:00 level=INFO msg="File change detected" path=/Users/david/Projects/gainforest/hyperindex/.beads/issues.jsonl
time=2026-02-18T14:54:42.833+08:00 level=INFO msg="JSONL removed/renamed, re-establishing watch"
time=2026-02-18T14:54:42.884+08:00 level=INFO msg="Successfully re-established JSONL watch" delay=50ms
time=2026-02-18T14:54:42.884+08:00 level=INFO msg="JSONL file created" path=/Users/david/Projects/gainforest/hyperindex/.beads/issues.jsonl
time=2026-02-18T14:54:43.097+08:00 level=INFO msg="Import triggered by file change"
time=2026-02-18T14:54:43.097+08:00 level=INFO msg="Starting auto-import" mode=auto-import
time=2026-02-18T14:54:43.872+08:00 level=INFO msg="Pulled from remote"
time=2026-02-18T14:54:43.872+08:00 level=INFO msg="🔍 Checking JSONL content hash AFTER pull (fix: auto-pull-not-pulling)"
time=2026-02-18T14:54:43.872+08:00 level=INFO msg="Skipping: JSONL content unchanged" mode=auto-import
time=2026-02-18T14:54:44.106+08:00 level=INFO msg="Import triggered by file change"
time=2026-02-18T14:54:44.107+08:00 level=INFO msg="Starting auto-import" mode=auto-import
time=2026-02-18T14:54:45.366+08:00 level=INFO msg="Pulled from remote"
time=2026-02-18T14:54:45.366+08:00 level=INFO msg="🔍 Checking JSONL content hash AFTER pull (fix: auto-pull-not-pulling)"
time=2026-02-18T14:54:45.367+08:00 level=INFO msg="Skipping: JSONL content unchanged" mode=auto-import
time=2026-02-18T14:54:46.612+08:00 level=INFO msg="Mutation detected" type=status issue_id=hyperindex-49s.5
time=2026-02-18T14:54:47.113+08:00 level=INFO msg="Export triggered by mutation events"
time=2026-02-18T14:54:47.113+08:00 level=INFO msg=Starting mode=export
time=2026-02-18T14:54:47.117+08:00 level=INFO msg="JSONL removed/renamed, re-establishing watch"
time=2026-02-18T14:54:47.117+08:00 level=INFO msg="Exported to JSONL"
time=2026-02-18T14:54:47.117+08:00 level=INFO msg="Export complete"
time=2026-02-18T14:54:47.168+08:00 level=INFO msg="Successfully re-established JSONL watch" delay=50ms
time=2026-02-18T14:54:47.168+08:00 level=INFO msg="JSONL file created" path=/Users/david/Projects/gainforest/hyperindex/.beads/issues.jsonl
time=2026-02-18T14:54:48.169+08:00 level=INFO msg="Import triggered by file change"
time=2026-02-18T14:54:48.170+08:00 level=INFO msg="Starting auto-import" mode=auto-import
time=2026-02-18T14:54:48.178+08:00 level=INFO msg="WARNING: Uncommitted local changes detected" path=/Users/david/Projects/gainforest/hyperindex/.beads/issues.jsonl
time=2026-02-18T14:54:48.178+08:00 level=INFO msg="   Pulling from remote may overwrite local unpushed changes."
time=2026-02-18T14:54:48.178+08:00 level=INFO msg="   Consider running 'bd sync' to commit and push your changes first."
time=2026-02-18T14:54:48.887+08:00 level=INFO msg="Pulled from remote"
time=2026-02-18T14:54:48.887+08:00 level=INFO msg="🔍 Checking JSONL content hash AFTER pull (fix: auto-pull-not-pulling)"
time=2026-02-18T14:54:48.888+08:00 level=INFO msg="JSONL content changed, proceeding with operation..." mode=auto-import
time=2026-02-18T14:54:48.891+08:00 level=INFO msg="Imported from JSONL"
time=2026-02-18T14:54:48.891+08:00 level=INFO msg="Auto-import complete"
time=2026-02-18T14:54:49.943+08:00 level=INFO msg="JSONL removed/renamed, re-establishing watch"
time=2026-02-18T14:54:49.994+08:00 level=INFO msg="Successfully re-established JSONL watch" delay=50ms
time=2026-02-18T14:54:49.995+08:00 level=INFO msg="JSONL file created" path=/Users/david/Projects/gainforest/hyperindex/.beads/issues.jsonl
